  pch.cpp
  AES.cpp
C:\Users\Admin\Desktop\AES\AES_DLL\AES.cpp(89,21): warning C4244: 'initializing': conversion from 'int' to 'float', possible loss of data
  (compiling source file '/AES.cpp')
  
C:\Users\Admin\Desktop\AES\AES_DLL\AES.cpp(95,22): warning C4244: 'argument': conversion from 'float' to 'unsigned int', possible loss of data
  (compiling source file '/AES.cpp')
  
C:\Users\Admin\Desktop\AES\AES_DLL\AES.cpp(108,20): warning C4244: 'initializing': conversion from 'int' to 'float', possible loss of data
  (compiling source file '/AES.cpp')
  
C:\Users\Admin\Desktop\AES\AES_DLL\AES.cpp(114,21): warning C4244: 'argument': conversion from 'float' to 'unsigned int', possible loss of data
  (compiling source file '/AES.cpp')
  
  dllmain.cpp
  Generating Code...
     Creating library C:\Users\Admin\Desktop\AES\AES_DLL\Debug\AES_DLL.lib and object C:\Users\Admin\Desktop\AES\AES_DLL\Debug\AES_DLL.exp
AES.obj : error LNK2019: unresolved external symbol "public: __thiscall CryptoPP::Algorithm::Algorithm(bool)" (??0Algorithm@CryptoPP@@QAE@_N@Z) referenced in function "public: __thiscall CryptoPP::BlockTransformation::BlockTransformation(void)" (??0BlockTransformation@CryptoPP@@QAE@XZ)
AES.obj : error LNK2001: unresolved external symbol "public: virtual void __thiscall CryptoPP::SimpleKeyingInterface::SetKey(unsigned char const *,unsigned int,class CryptoPP::NameValuePairs const &)" (?SetKey@SimpleKeyingInterface@CryptoPP@@UAEXPBEIABVNameValuePairs@2@@Z)
AES.obj : error LNK2019: unresolved external symbol "public: void __thiscall CryptoPP::SimpleKeyingInterface::SetKeyWithIV(unsigned char const *,unsigned int,unsigned char const *,unsigned int)" (?SetKeyWithIV@SimpleKeyingInterface@CryptoPP@@QAEXPBEI0I@Z) referenced in function "void __cdecl DecryptCCM(char const *,char const *,char const *,char const *,char const *)" (?DecryptCCM@@YAXPBD0000@Z)
AES.obj : error LNK2001: unresolved external symbol "public: virtual void __thiscall CryptoPP::SimpleKeyingInterface::GetNextIV(class CryptoPP::RandomNumberGenerator &,unsigned char *)" (?GetNextIV@SimpleKeyingInterface@CryptoPP@@UAEXAAVRandomNumberGenerator@2@PAE@Z)
AES.obj : error LNK2019: unresolved external symbol "protected: unsigned int __thiscall CryptoPP::SimpleKeyingInterface::ThrowIfInvalidIVLength(int)" (?ThrowIfInvalidIVLength@SimpleKeyingInterface@CryptoPP@@IAEIH@Z) referenced in function "public: virtual void __thiscall CryptoPP::BlockOrientedCipherModeBase::Resynchronize(unsigned char const *,int)" (?Resynchronize@BlockOrientedCipherModeBase@CryptoPP@@UAEXPBEH@Z)
AES.obj : error LNK2001: unresolved external symbol "public: virtual unsigned int __thiscall CryptoPP::StreamTransformation::ProcessLastBlock(unsigned char *,unsigned int,unsigned char const *,unsigned int)" (?ProcessLastBlock@StreamTransformation@CryptoPP@@UAEIPAEIPBEI@Z)
AES.obj : error LNK2001: unresolved external symbol "public: virtual bool __thiscall CryptoPP::HashTransformation::TruncatedVerify(unsigned char const *,unsigned int)" (?TruncatedVerify@HashTransformation@CryptoPP@@UAE_NPBEI@Z)
AES.obj : error LNK2019: unresolved external symbol "public: void __thiscall CryptoPP::AuthenticatedSymmetricCipher::SpecifyDataLengths(unsigned __int64,unsigned __int64,unsigned __int64)" (?SpecifyDataLengths@AuthenticatedSymmetricCipher@CryptoPP@@QAEX_K00@Z) referenced in function "void __cdecl DecryptCCM(char const *,char const *,char const *,char const *,char const *)" (?DecryptCCM@@YAXPBD0000@Z)
AES.obj : error LNK2001: unresolved external symbol "public: virtual void __thiscall CryptoPP::AuthenticatedSymmetricCipher::EncryptAndAuthenticate(unsigned char *,unsigned char *,unsigned int,unsigned char const *,int,unsigned char const *,unsigned int,unsigned char const *,unsigned int)" (?EncryptAndAuthenticate@AuthenticatedSymmetricCipher@CryptoPP@@UAEXPAE0IPBEH1I1I@Z)
AES.obj : error LNK2001: unresolved external symbol "public: virtual bool __thiscall CryptoPP::AuthenticatedSymmetricCipher::DecryptAndVerify(unsigned char *,unsigned char const *,unsigned int,unsigned char const *,int,unsigned char const *,unsigned int,unsigned char const *,unsigned int)" (?DecryptAndVerify@AuthenticatedSymmetricCipher@CryptoPP@@UAE_NPAEPBEI1H1I1I@Z)
AES.obj : error LNK2001: unresolved external symbol "public: virtual unsigned char __thiscall CryptoPP::RandomNumberGenerator::GenerateByte(void)" (?GenerateByte@RandomNumberGenerator@CryptoPP@@UAEEXZ)
AES.obj : error LNK2001: unresolved external symbol "public: virtual unsigned int __thiscall CryptoPP::RandomNumberGenerator::GenerateBit(void)" (?GenerateBit@RandomNumberGenerator@CryptoPP@@UAEIXZ)
AES.obj : error LNK2001: unresolved external symbol "public: virtual unsigned int __thiscall CryptoPP::RandomNumberGenerator::GenerateWord32(unsigned int,unsigned int)" (?GenerateWord32@RandomNumberGenerator@CryptoPP@@UAEIII@Z)
AES.obj : error LNK2019: unresolved external symbol "public: virtual void __thiscall CryptoPP::RandomNumberGenerator::GenerateBlock(unsigned char *,unsigned int)" (?GenerateBlock@RandomNumberGenerator@CryptoPP@@UAEXPAEI@Z) referenced in function _IVGen
AES.obj : error LNK2001: unresolved external symbol "public: virtual void __thiscall CryptoPP::RandomNumberGenerator::GenerateIntoBufferedTransformation(class CryptoPP::BufferedTransformation &,class std::basic_string<char,struct std::char_traits<char>,class std::allocator<char> > const &,unsigned __int64)" (?GenerateIntoBufferedTransformation@RandomNumberGenerator@CryptoPP@@UAEXAAVBufferedTransformation@2@ABV?$basic_string@DU?$char_traits@D@std@@V?$allocator@D@2@@std@@_K@Z)
AES.obj : error LNK2001: unresolved external symbol "public: virtual void __thiscall CryptoPP::RandomNumberGenerator::DiscardBytes(unsigned int)" (?DiscardBytes@RandomNumberGenerator@CryptoPP@@UAEXI@Z)
AES.obj : error LNK2001: unresolved external symbol "public: virtual unsigned int __thiscall CryptoPP::BufferedTransformation::GetMaxWaitObjectCount(void)const " (?GetMaxWaitObjectCount@BufferedTransformation@CryptoPP@@UBEIXZ)
AES.obj : error LNK2001: unresolved external symbol "public: virtual void __thiscall CryptoPP::BufferedTransformation::GetWaitObjects(class CryptoPP::WaitObjectContainer &,class CryptoPP::CallStack const &)" (?GetWaitObjects@BufferedTransformation@CryptoPP@@UAEXAAVWaitObjectContainer@2@ABVCallStack@2@@Z)
AES.obj : error LNK2001: unresolved external symbol "public: virtual void __thiscall CryptoPP::BufferedTransformation::Initialize(class CryptoPP::NameValuePairs const &,int)" (?Initialize@BufferedTransformation@CryptoPP@@UAEXABVNameValuePairs@2@H@Z)
AES.obj : error LNK2001: unresolved external symbol "public: virtual bool __thiscall CryptoPP::BufferedTransformation::Flush(bool,int,bool)" (?Flush@BufferedTransformation@CryptoPP@@UAE_N_NH0@Z)
AES.obj : error LNK2001: unresolved external symbol "public: virtual bool __thiscall CryptoPP::BufferedTransformation::MessageSeriesEnd(int,bool)" (?MessageSeriesEnd@BufferedTransformation@CryptoPP@@UAE_NH_N@Z)
AES.obj : error LNK2001: unresolved external symbol "public: virtual unsigned __int64 __thiscall CryptoPP::BufferedTransformation::MaxRetrievable(void)const " (?MaxRetrievable@BufferedTransformation@CryptoPP@@UBE_KXZ)
AES.obj : error LNK2001: unresolved external symbol "public: virtual bool __thiscall CryptoPP::BufferedTransformation::AnyRetrievable(void)const " (?AnyRetrievable@BufferedTransformation@CryptoPP@@UBE_NXZ)
AES.obj : error LNK2001: unresolved external symbol "public: virtual unsigned int __thiscall CryptoPP::BufferedTransformation::Get(unsigned char &)" (?Get@BufferedTransformation@CryptoPP@@UAEIAAE@Z)
AES.obj : error LNK2001: unresolved external symbol "public: virtual unsigned int __thiscall CryptoPP::BufferedTransformation::Get(unsigned char *,unsigned int)" (?Get@BufferedTransformation@CryptoPP@@UAEIPAEI@Z)
AES.obj : error LNK2001: unresolved external symbol "public: virtual unsigned int __thiscall CryptoPP::BufferedTransformation::Peek(unsigned char &)const " (?Peek@BufferedTransformation@CryptoPP@@UBEIAAE@Z)
AES.obj : error LNK2001: unresolved external symbol "public: virtual unsigned int __thiscall CryptoPP::BufferedTransformation::Peek(unsigned char *,unsigned int)const " (?Peek@BufferedTransformation@CryptoPP@@UBEIPAEI@Z)
AES.obj : error LNK2001: unresolved external symbol "public: virtual unsigned __int64 __thiscall CryptoPP::BufferedTransformation::Skip(unsigned __int64)" (?Skip@BufferedTransformation@CryptoPP@@UAE_K_K@Z)
AES.obj : error LNK2001: unresolved external symbol "public: virtual unsigned __int64 __thiscall CryptoPP::BufferedTransformation::TotalBytesRetrievable(void)const " (?TotalBytesRetrievable@BufferedTransformation@CryptoPP@@UBE_KXZ)
AES.obj : error LNK2001: unresolved external symbol "public: virtual unsigned int __thiscall CryptoPP::BufferedTransformation::NumberOfMessages(void)const " (?NumberOfMessages@BufferedTransformation@CryptoPP@@UBEIXZ)
AES.obj : error LNK2001: unresolved external symbol "public: virtual bool __thiscall CryptoPP::BufferedTransformation::AnyMessages(void)const " (?AnyMessages@BufferedTransformation@CryptoPP@@UBE_NXZ)
AES.obj : error LNK2001: unresolved external symbol "public: virtual bool __thiscall CryptoPP::BufferedTransformation::GetNextMessage(void)" (?GetNextMessage@BufferedTransformation@CryptoPP@@UAE_NXZ)
AES.obj : error LNK2001: unresolved external symbol "public: virtual unsigned int __thiscall CryptoPP::BufferedTransformation::SkipMessages(unsigned int)" (?SkipMessages@BufferedTransformation@CryptoPP@@UAEII@Z)
AES.obj : error LNK2001: unresolved external symbol "public: virtual void __thiscall CryptoPP::BufferedTransformation::SkipAll(void)" (?SkipAll@BufferedTransformation@CryptoPP@@UAEXXZ)
AES.obj : error LNK2019: unresolved external symbol "public: unsigned int __thiscall CryptoPP::BufferedTransformation::TransferMessagesTo2(class CryptoPP::BufferedTransformation &,unsigned int &,class std::basic_string<char,struct std::char_traits<char>,class std::allocator<char> > const &,bool)" (?TransferMessagesTo2@BufferedTransformation@CryptoPP@@QAEIAAV12@AAIABV?$basic_string@DU?$char_traits@D@std@@V?$allocator@D@2@@std@@_N@Z) referenced in function "public: virtual unsigned int __thiscall CryptoPP::SourceTemplate<class CryptoPP::FileStore>::PumpMessages2(unsigned int &,bool)" (?PumpMessages2@?$SourceTemplate@VFileStore@CryptoPP@@@CryptoPP@@UAEIAAI_N@Z)
AES.obj : error LNK2019: unresolved external symbol "public: unsigned int __thiscall CryptoPP::BufferedTransformation::TransferAllTo2(class CryptoPP::BufferedTransformation &,class std::basic_string<char,struct std::char_traits<char>,class std::allocator<char> > const &,bool)" (?TransferAllTo2@BufferedTransformation@CryptoPP@@QAEIAAV12@ABV?$basic_string@DU?$char_traits@D@std@@V?$allocator@D@2@@std@@_N@Z) referenced in function "public: virtual unsigned int __thiscall CryptoPP::SourceTemplate<class CryptoPP::FileStore>::PumpAll2(bool)" (?PumpAll2@?$SourceTemplate@VFileStore@CryptoPP@@@CryptoPP@@UAEI_N@Z)
AES.obj : error LNK2001: unresolved external symbol "public: virtual unsigned char * __thiscall CryptoPP::BufferedTransformation::ChannelCreatePutSpace(class std::basic_string<char,struct std::char_traits<char>,class std::allocator<char> > const &,unsigned int &)" (?ChannelCreatePutSpace@BufferedTransformation@CryptoPP@@UAEPAEABV?$basic_string@DU?$char_traits@D@std@@V?$allocator@D@2@@std@@AAI@Z)
AES.obj : error LNK2001: unresolved external symbol "public: virtual unsigned int __thiscall CryptoPP::BufferedTransformation::ChannelPut2(class std::basic_string<char,struct std::char_traits<char>,class std::allocator<char> > const &,unsigned char const *,unsigned int,int,bool)" (?ChannelPut2@BufferedTransformation@CryptoPP@@UAEIABV?$basic_string@DU?$char_traits@D@std@@V?$allocator@D@2@@std@@PBEIH_N@Z)
AES.obj : error LNK2001: unresolved external symbol "public: virtual unsigned int __thiscall CryptoPP::BufferedTransformation::ChannelPutModifiable2(class std::basic_string<char,struct std::char_traits<char>,class std::allocator<char> > const &,unsigned char *,unsigned int,int,bool)" (?ChannelPutModifiable2@BufferedTransformation@CryptoPP@@UAEIABV?$basic_string@DU?$char_traits@D@std@@V?$allocator@D@2@@std@@PAEIH_N@Z)
AES.obj : error LNK2001: unresolved external symbol "public: virtual bool __thiscall CryptoPP::BufferedTransformation::ChannelFlush(class std::basic_string<char,struct std::char_traits<char>,class std::allocator<char> > const &,bool,int,bool)" (?ChannelFlush@BufferedTransformation@CryptoPP@@UAE_NABV?$basic_string@DU?$char_traits@D@std@@V?$allocator@D@2@@std@@_NH1@Z)
AES.obj : error LNK2001: unresolved external symbol "public: virtual bool __thiscall CryptoPP::BufferedTransformation::ChannelMessageSeriesEnd(class std::basic_string<char,struct std::char_traits<char>,class std::allocator<char> > const &,int,bool)" (?ChannelMessageSeriesEnd@BufferedTransformation@CryptoPP@@UAE_NABV?$basic_string@DU?$char_traits@D@std@@V?$allocator@D@2@@std@@H_N@Z)
AES.obj : error LNK2001: unresolved external symbol "public: virtual void __thiscall CryptoPP::BufferedTransformation::SetRetrievalChannel(class std::basic_string<char,struct std::char_traits<char>,class std::allocator<char> > const &)" (?SetRetrievalChannel@BufferedTransformation@CryptoPP@@UAEXABV?$basic_string@DU?$char_traits@D@std@@V?$allocator@D@2@@std@@@Z)
AES.obj : error LNK2001: unresolved external symbol "public: virtual void __thiscall CryptoPP::BufferedTransformation::Attach(class CryptoPP::BufferedTransformation *)" (?Attach@BufferedTransformation@CryptoPP@@UAEXPAV12@@Z)
AES.obj : error LNK2001: unresolved external symbol "public: virtual bool __thiscall CryptoPP::Store::GetNextMessage(void)" (?GetNextMessage@Store@CryptoPP@@UAE_NXZ)
AES.obj : error LNK2019: unresolved external symbol "void * __cdecl CryptoPP::AlignedAllocate(unsigned int)" (?AlignedAllocate@CryptoPP@@YAPAXI@Z) referenced in function "public: unsigned char * __thiscall CryptoPP::AllocatorWithCleanup<unsigned char,1>::allocate(unsigned int,void const *)" (?allocate@?$AllocatorWithCleanup@E$00@CryptoPP@@QAEPAEIPBX@Z)
AES.obj : error LNK2019: unresolved external symbol "void __cdecl CryptoPP::AlignedDeallocate(void *)" (?AlignedDeallocate@CryptoPP@@YAXPAX@Z) referenced in function "public: void __thiscall CryptoPP::AllocatorWithCleanup<unsigned char,1>::deallocate(void *,unsigned int)" (?deallocate@?$AllocatorWithCleanup@E$00@CryptoPP@@QAEXPAXI@Z)
AES.obj : error LNK2019: unresolved external symbol "void * __cdecl CryptoPP::UnalignedAllocate(unsigned int)" (?UnalignedAllocate@CryptoPP@@YAPAXI@Z) referenced in function "public: unsigned char * __thiscall CryptoPP::AllocatorWithCleanup<unsigned char,1>::allocate(unsigned int,void const *)" (?allocate@?$AllocatorWithCleanup@E$00@CryptoPP@@QAEPAEIPBX@Z)
AES.obj : error LNK2019: unresolved external symbol "void __cdecl CryptoPP::UnalignedDeallocate(void *)" (?UnalignedDeallocate@CryptoPP@@YAXPAX@Z) referenced in function "public: void __thiscall CryptoPP::AllocatorWithCleanup<unsigned char,1>::deallocate(void *,unsigned int)" (?deallocate@?$AllocatorWithCleanup@E$00@CryptoPP@@QAEXPAXI@Z)
AES.obj : error LNK2019: unresolved external symbol "bool __cdecl CryptoPP::AssignIntToInteger(class type_info const &,void *,void const *)" (?AssignIntToInteger@CryptoPP@@YA_NABVtype_info@@PAXPBX@Z) referenced in function "public: virtual void __thiscall CryptoPP::AlgorithmParametersTemplate<int>::AssignValue(char const *,class type_info const &,void *)const " (?AssignValue@?$AlgorithmParametersTemplate@H@CryptoPP@@UBEXPBDABVtype_info@@PAX@Z)
AES.obj : error LNK2019: unresolved external symbol "public: __thiscall CryptoPP::AlgorithmParameters::AlgorithmParameters(void)" (??0AlgorithmParameters@CryptoPP@@QAE@XZ) referenced in function "class CryptoPP::AlgorithmParameters __cdecl CryptoPP::MakeParameters<char const *>(char const *,char const * const &,bool)" (??$MakeParameters@PBD@CryptoPP@@YA?AVAlgorithmParameters@0@PBDABQBD_N@Z)
AES.obj : error LNK2019: unresolved external symbol "public: __thiscall CryptoPP::AlgorithmParameters::AlgorithmParameters(class CryptoPP::AlgorithmParameters const &)" (??0AlgorithmParameters@CryptoPP@@QAE@ABV01@@Z) referenced in function "class CryptoPP::AlgorithmParameters __cdecl CryptoPP::MakeParameters<char const *>(char const *,char const * const &,bool)" (??$MakeParameters@PBD@CryptoPP@@YA?AVAlgorithmParameters@0@PBDABQBD_N@Z)
AES.obj : error LNK2019: unresolved external symbol "public: __thiscall CryptoPP::Filter::Filter(class CryptoPP::BufferedTransformation *)" (??0Filter@CryptoPP@@QAE@PAVBufferedTransformation@1@@Z) referenced in function "public: __thiscall CryptoPP::Bufferless<class CryptoPP::Filter>::Bufferless<class CryptoPP::Filter>(void)" (??0?$Bufferless@VFilter@CryptoPP@@@CryptoPP@@QAE@XZ)
AES.obj : error LNK2001: unresolved external symbol "public: virtual class CryptoPP::BufferedTransformation * __thiscall CryptoPP::Filter::AttachedTransformation(void)" (?AttachedTransformation@Filter@CryptoPP@@UAEPAVBufferedTransformation@2@XZ)
AES.obj : error LNK2001: unresolved external symbol "public: virtual class CryptoPP::BufferedTransformation const * __thiscall CryptoPP::Filter::AttachedTransformation(void)const " (?AttachedTransformation@Filter@CryptoPP@@UBEPBVBufferedTransformation@2@XZ)
AES.obj : error LNK2019: unresolved external symbol "public: virtual void __thiscall CryptoPP::Filter::Detach(class CryptoPP::BufferedTransformation *)" (?Detach@Filter@CryptoPP@@UAEXPAVBufferedTransformation@2@@Z) referenced in function "public: __thiscall CryptoPP::BaseN_Decoder::BaseN_Decoder(int const *,int,class CryptoPP::BufferedTransformation *)" (??0BaseN_Decoder@CryptoPP@@QAE@PBHHPAVBufferedTransformation@1@@Z)
AES.obj : error LNK2001: unresolved external symbol "public: virtual unsigned int __thiscall CryptoPP::Filter::TransferTo2(class CryptoPP::BufferedTransformation &,unsigned __int64 &,class std::basic_string<char,struct std::char_traits<char>,class std::allocator<char> > const &,bool)" (?TransferTo2@Filter@CryptoPP@@UAEIAAVBufferedTransformation@2@AA_KABV?$basic_string@DU?$char_traits@D@std@@V?$allocator@D@2@@std@@_N@Z)
AES.obj : error LNK2001: unresolved external symbol "public: virtual unsigned int __thiscall CryptoPP::Filter::CopyRangeTo2(class CryptoPP::BufferedTransformation &,unsigned __int64 &,unsigned __int64,class std::basic_string<char,struct std::char_traits<char>,class std::allocator<char> > const &,bool)const " (?CopyRangeTo2@Filter@CryptoPP@@UBEIAAVBufferedTransformation@2@AA_K_KABV?$basic_string@DU?$char_traits@D@std@@V?$allocator@D@2@@std@@_N@Z)
AES.obj : error LNK2001: unresolved external symbol "public: virtual void __thiscall CryptoPP::Filter::Initialize(class CryptoPP::NameValuePairs const &,int)" (?Initialize@Filter@CryptoPP@@UAEXABVNameValuePairs@2@H@Z)
AES.obj : error LNK2001: unresolved external symbol "public: virtual bool __thiscall CryptoPP::Filter::Flush(bool,int,bool)" (?Flush@Filter@CryptoPP@@UAE_N_NH0@Z)
AES.obj : error LNK2001: unresolved external symbol "public: virtual bool __thiscall CryptoPP::Filter::MessageSeriesEnd(int,bool)" (?MessageSeriesEnd@Filter@CryptoPP@@UAE_NH_N@Z)
AES.obj : error LNK2001: unresolved external symbol "protected: virtual class CryptoPP::BufferedTransformation * __thiscall CryptoPP::Filter::NewDefaultAttachment(void)const " (?NewDefaultAttachment@Filter@CryptoPP@@MBEPAVBufferedTransformation@2@XZ)
AES.obj : error LNK2001: unresolved external symbol "public: virtual void __thiscall CryptoPP::FilterWithBufferedInput::IsolatedInitialize(class CryptoPP::NameValuePairs const &)" (?IsolatedInitialize@FilterWithBufferedInput@CryptoPP@@UAEXABVNameValuePairs@2@@Z)
AES.obj : error LNK2001: unresolved external symbol "public: virtual bool __thiscall CryptoPP::FilterWithBufferedInput::IsolatedFlush(bool,bool)" (?IsolatedFlush@FilterWithBufferedInput@CryptoPP@@UAE_N_N0@Z)
AES.obj : error LNK2001: unresolved external symbol "protected: virtual void __thiscall CryptoPP::FilterWithBufferedInput::NextPutMultiple(unsigned char const *,unsigned int)" (?NextPutMultiple@FilterWithBufferedInput@CryptoPP@@MAEXPBEI@Z)
AES.obj : error LNK2019: unresolved external symbol "protected: unsigned int __thiscall CryptoPP::FilterWithBufferedInput::PutMaybeModifiable(unsigned char *,unsigned int,int,bool,bool)" (?PutMaybeModifiable@FilterWithBufferedInput@CryptoPP@@IAEIPAEIH_N1@Z) referenced in function "public: virtual unsigned int __thiscall CryptoPP::FilterWithBufferedInput::Put2(unsigned char const *,unsigned int,int,bool)" (?Put2@FilterWithBufferedInput@CryptoPP@@UAEIPBEIH_N@Z)
AES.obj : error LNK2019: unresolved external symbol "public: __thiscall CryptoPP::StreamTransformationFilter::StreamTransformationFilter(class CryptoPP::StreamTransformation &,class CryptoPP::BufferedTransformation *,enum CryptoPP::BlockPaddingSchemeDef::BlockPaddingScheme)" (??0StreamTransformationFilter@CryptoPP@@QAE@AAVStreamTransformation@1@PAVBufferedTransformation@1@W4BlockPaddingScheme@BlockPaddingSchemeDef@1@@Z) referenced in function "void __cdecl DecryptCBC(char const *,char const *,char const *,char const *,char const *)" (?DecryptCBC@@YAXPBD0000@Z)
AES.obj : error LNK2001: unresolved external symbol "protected: virtual void __thiscall CryptoPP::StreamTransformationFilter::InitializeDerivedAndReturnNewSizes(class CryptoPP::NameValuePairs const &,unsigned int &,unsigned int &,unsigned int &)" (?InitializeDerivedAndReturnNewSizes@StreamTransformationFilter@CryptoPP@@MAEXABVNameValuePairs@2@AAI11@Z)
AES.obj : error LNK2001: unresolved external symbol "protected: virtual void __thiscall CryptoPP::StreamTransformationFilter::FirstPut(unsigned char const *)" (?FirstPut@StreamTransformationFilter@CryptoPP@@MAEXPBE@Z)
AES.obj : error LNK2001: unresolved external symbol "protected: virtual void __thiscall CryptoPP::StreamTransformationFilter::NextPutMultiple(unsigned char const *,unsigned int)" (?NextPutMultiple@StreamTransformationFilter@CryptoPP@@MAEXPBEI@Z)
AES.obj : error LNK2001: unresolved external symbol "protected: virtual void __thiscall CryptoPP::StreamTransformationFilter::NextPutModifiable(unsigned char *,unsigned int)" (?NextPutModifiable@StreamTransformationFilter@CryptoPP@@MAEXPAEI@Z)
AES.obj : error LNK2001: unresolved external symbol "protected: virtual void __thiscall CryptoPP::StreamTransformationFilter::LastPut(unsigned char const *,unsigned int)" (?LastPut@StreamTransformationFilter@CryptoPP@@MAEXPBEI@Z)
AES.obj : error LNK2001: unresolved external symbol "protected: virtual void __thiscall CryptoPP::HashVerificationFilter::InitializeDerivedAndReturnNewSizes(class CryptoPP::NameValuePairs const &,unsigned int &,unsigned int &,unsigned int &)" (?InitializeDerivedAndReturnNewSizes@HashVerificationFilter@CryptoPP@@MAEXABVNameValuePairs@2@AAI11@Z)
AES.obj : error LNK2001: unresolved external symbol "protected: virtual void __thiscall CryptoPP::HashVerificationFilter::FirstPut(unsigned char const *)" (?FirstPut@HashVerificationFilter@CryptoPP@@MAEXPBE@Z)
AES.obj : error LNK2001: unresolved external symbol "protected: virtual void __thiscall CryptoPP::HashVerificationFilter::NextPutMultiple(unsigned char const *,unsigned int)" (?NextPutMultiple@HashVerificationFilter@CryptoPP@@MAEXPBEI@Z)
AES.obj : error LNK2001: unresolved external symbol "protected: virtual void __thiscall CryptoPP::HashVerificationFilter::LastPut(unsigned char const *,unsigned int)" (?LastPut@HashVerificationFilter@CryptoPP@@MAEXPBEI@Z)
AES.obj : error LNK2019: unresolved external symbol "public: __thiscall CryptoPP::AuthenticatedEncryptionFilter::AuthenticatedEncryptionFilter(class CryptoPP::AuthenticatedSymmetricCipher &,class CryptoPP::BufferedTransformation *,bool,int,class std::basic_string<char,struct std::char_traits<char>,class std::allocator<char> > const &,enum CryptoPP::BlockPaddingSchemeDef::BlockPaddingScheme)" (??0AuthenticatedEncryptionFilter@CryptoPP@@QAE@AAVAuthenticatedSymmetricCipher@1@PAVBufferedTransformation@1@_NHABV?$basic_string@DU?$char_traits@D@std@@V?$allocator@D@2@@std@@W4BlockPaddingScheme@BlockPaddingSchemeDef@1@@Z) referenced in function "void __cdecl EncryptCCM(char const *,char const *,char const *,char const *)" (?EncryptCCM@@YAXPBD000@Z)
AES.obj : error LNK2019: unresolved external symbol "public: __thiscall CryptoPP::AuthenticatedDecryptionFilter::AuthenticatedDecryptionFilter(class CryptoPP::AuthenticatedSymmetricCipher &,class CryptoPP::BufferedTransformation *,unsigned int,int,enum CryptoPP::BlockPaddingSchemeDef::BlockPaddingScheme)" (??0AuthenticatedDecryptionFilter@CryptoPP@@QAE@AAVAuthenticatedSymmetricCipher@1@PAVBufferedTransformation@1@IHW4BlockPaddingScheme@BlockPaddingSchemeDef@1@@Z) referenced in function "void __cdecl DecryptCCM(char const *,char const *,char const *,char const *,char const *)" (?DecryptCCM@@YAXPBD0000@Z)
AES.obj : error LNK2001: unresolved external symbol "public: virtual unsigned char * __thiscall CryptoPP::AuthenticatedDecryptionFilter::ChannelCreatePutSpace(class std::basic_string<char,struct std::char_traits<char>,class std::allocator<char> > const &,unsigned int &)" (?ChannelCreatePutSpace@AuthenticatedDecryptionFilter@CryptoPP@@UAEPAEABV?$basic_string@DU?$char_traits@D@std@@V?$allocator@D@2@@std@@AAI@Z)
AES.obj : error LNK2001: unresolved external symbol "public: virtual unsigned int __thiscall CryptoPP::AuthenticatedDecryptionFilter::ChannelPut2(class std::basic_string<char,struct std::char_traits<char>,class std::allocator<char> > const &,unsigned char const *,unsigned int,int,bool)" (?ChannelPut2@AuthenticatedDecryptionFilter@CryptoPP@@UAEIABV?$basic_string@DU?$char_traits@D@std@@V?$allocator@D@2@@std@@PBEIH_N@Z)
AES.obj : error LNK2001: unresolved external symbol "protected: virtual void __thiscall CryptoPP::AuthenticatedDecryptionFilter::InitializeDerivedAndReturnNewSizes(class CryptoPP::NameValuePairs const &,unsigned int &,unsigned int &,unsigned int &)" (?InitializeDerivedAndReturnNewSizes@AuthenticatedDecryptionFilter@CryptoPP@@MAEXABVNameValuePairs@2@AAI11@Z)
AES.obj : error LNK2001: unresolved external symbol "protected: virtual void __thiscall CryptoPP::AuthenticatedDecryptionFilter::FirstPut(unsigned char const *)" (?FirstPut@AuthenticatedDecryptionFilter@CryptoPP@@MAEXPBE@Z)
AES.obj : error LNK2001: unresolved external symbol "protected: virtual void __thiscall CryptoPP::AuthenticatedDecryptionFilter::NextPutMultiple(unsigned char const *,unsigned int)" (?NextPutMultiple@AuthenticatedDecryptionFilter@CryptoPP@@MAEXPBEI@Z)
AES.obj : error LNK2001: unresolved external symbol "protected: virtual void __thiscall CryptoPP::AuthenticatedDecryptionFilter::LastPut(unsigned char const *,unsigned int)" (?LastPut@AuthenticatedDecryptionFilter@CryptoPP@@MAEXPBEI@Z)
AES.obj : error LNK2001: unresolved external symbol "public: virtual void __thiscall CryptoPP::Redirector::Initialize(class CryptoPP::NameValuePairs const &,int)" (?Initialize@Redirector@CryptoPP@@UAEXABVNameValuePairs@2@H@Z)
AES.obj : error LNK2019: unresolved external symbol "public: __thiscall CryptoPP::ProxyFilter::ProxyFilter(class CryptoPP::BufferedTransformation *,unsigned int,unsigned int,class CryptoPP::BufferedTransformation *)" (??0ProxyFilter@CryptoPP@@QAE@PAVBufferedTransformation@1@II0@Z) referenced in function "public: __thiscall CryptoPP::SimpleProxyFilter::SimpleProxyFilter(class CryptoPP::BufferedTransformation *,class CryptoPP::BufferedTransformation *)" (??0SimpleProxyFilter@CryptoPP@@QAE@PAVBufferedTransformation@1@0@Z)
AES.obj : error LNK2001: unresolved external symbol "public: virtual bool __thiscall CryptoPP::ProxyFilter::IsolatedFlush(bool,bool)" (?IsolatedFlush@ProxyFilter@CryptoPP@@UAE_N_N0@Z)
AES.obj : error LNK2001: unresolved external symbol "public: virtual void __thiscall CryptoPP::ProxyFilter::NextPutMultiple(unsigned char const *,unsigned int)" (?NextPutMultiple@ProxyFilter@CryptoPP@@UAEXPBEI@Z)
AES.obj : error LNK2001: unresolved external symbol "public: virtual void __thiscall CryptoPP::ProxyFilter::NextPutModifiable(unsigned char *,unsigned int)" (?NextPutModifiable@ProxyFilter@CryptoPP@@UAEXPAEI@Z)
AES.obj : error LNK2001: unresolved external symbol "public: virtual unsigned int __thiscall CryptoPP::StringStore::TransferTo2(class CryptoPP::BufferedTransformation &,unsigned __int64 &,class std::basic_string<char,struct std::char_traits<char>,class std::allocator<char> > const &,bool)" (?TransferTo2@StringStore@CryptoPP@@UAEIAAVBufferedTransformation@2@AA_KABV?$basic_string@DU?$char_traits@D@std@@V?$allocator@D@2@@std@@_N@Z)
AES.obj : error LNK2001: unresolved external symbol "public: virtual unsigned int __thiscall CryptoPP::StringStore::CopyRangeTo2(class CryptoPP::BufferedTransformation &,unsigned __int64 &,unsigned __int64,class std::basic_string<char,struct std::char_traits<char>,class std::allocator<char> > const &,bool)const " (?CopyRangeTo2@StringStore@CryptoPP@@UBEIAAVBufferedTransformation@2@AA_K_KABV?$basic_string@DU?$char_traits@D@std@@V?$allocator@D@2@@std@@_N@Z)
AES.obj : error LNK2019: unresolved external symbol "private: virtual void __thiscall CryptoPP::StringStore::StoreInitialize(class CryptoPP::NameValuePairs const &)" (?StoreInitialize@StringStore@CryptoPP@@EAEXABVNameValuePairs@2@@Z) referenced in function "public: __thiscall CryptoPP::StringStore::StringStore(char const *)" (??0StringStore@CryptoPP@@QAE@PBD@Z)
AES.obj : error LNK2001: unresolved external symbol "public: virtual void __thiscall CryptoPP::Rijndael::Base::UncheckedSetKey(unsigned char const *,unsigned int,class CryptoPP::NameValuePairs const &)" (?UncheckedSetKey@Base@Rijndael@CryptoPP@@UAEXPBEIABVNameValuePairs@3@@Z)
AES.obj : error LNK2001: unresolved external symbol "public: virtual class std::basic_string<char,struct std::char_traits<char>,class std::allocator<char> > __thiscall CryptoPP::Rijndael::Base::AlgorithmProvider(void)const " (?AlgorithmProvider@Base@Rijndael@CryptoPP@@UBE?AV?$basic_string@DU?$char_traits@D@std@@V?$allocator@D@2@@std@@XZ)
AES.obj : error LNK2001: unresolved external symbol "public: virtual unsigned int __thiscall CryptoPP::Rijndael::Base::OptimalDataAlignment(void)const " (?OptimalDataAlignment@Base@Rijndael@CryptoPP@@UBEIXZ)
AES.obj : error LNK2001: unresolved external symbol "public: virtual void __thiscall CryptoPP::Rijndael::Enc::ProcessAndXorBlock(unsigned char const *,unsigned char const *,unsigned char *)const " (?ProcessAndXorBlock@Enc@Rijndael@CryptoPP@@UBEXPBE0PAE@Z)
AES.obj : error LNK2001: unresolved external symbol "public: virtual unsigned int __thiscall CryptoPP::Rijndael::Enc::AdvancedProcessBlocks(unsigned char const *,unsigned char const *,unsigned char *,unsigned int,unsigned int)const " (?AdvancedProcessBlocks@Enc@Rijndael@CryptoPP@@UBEIPBE0PAEII@Z)
AES.obj : error LNK2001: unresolved external symbol "public: virtual void __thiscall CryptoPP::Rijndael::Dec::ProcessAndXorBlock(unsigned char const *,unsigned char const *,unsigned char *)const " (?ProcessAndXorBlock@Dec@Rijndael@CryptoPP@@UBEXPBE0PAE@Z)
AES.obj : error LNK2001: unresolved external symbol "public: virtual unsigned int __thiscall CryptoPP::Rijndael::Dec::AdvancedProcessBlocks(unsigned char const *,unsigned char const *,unsigned char *,unsigned int,unsigned int)const " (?AdvancedProcessBlocks@Dec@Rijndael@CryptoPP@@UBEIPBE0PAEII@Z)
AES.obj : error LNK2019: unresolved external symbol "public: __thiscall CryptoPP::RandomPool::RandomPool(void)" (??0RandomPool@CryptoPP@@QAE@XZ) referenced in function "public: __thiscall CryptoPP::AutoSeededRandomPool::AutoSeededRandomPool(bool,unsigned int)" (??0AutoSeededRandomPool@CryptoPP@@QAE@_NI@Z)
AES.obj : error LNK2001: unresolved external symbol "public: virtual void __thiscall CryptoPP::RandomPool::IncorporateEntropy(unsigned char const *,unsigned int)" (?IncorporateEntropy@RandomPool@CryptoPP@@UAEXPBEI@Z)
AES.obj : error LNK2001: unresolved external symbol "public: virtual void __thiscall CryptoPP::RandomPool::GenerateIntoBufferedTransformation(class CryptoPP::BufferedTransformation &,class std::basic_string<char,struct std::char_traits<char>,class std::allocator<char> > const &,unsigned __int64)" (?GenerateIntoBufferedTransformation@RandomPool@CryptoPP@@UAEXAAVBufferedTransformation@2@ABV?$basic_string@DU?$char_traits@D@std@@V?$allocator@D@2@@std@@_K@Z)
AES.obj : error LNK2019: unresolved external symbol "public: void __thiscall CryptoPP::AutoSeededRandomPool::Reseed(bool,unsigned int)" (?Reseed@AutoSeededRandomPool@CryptoPP@@QAEX_NI@Z) referenced in function "public: __thiscall CryptoPP::AutoSeededRandomPool::AutoSeededRandomPool(bool,unsigned int)" (??0AutoSeededRandomPool@CryptoPP@@QAE@_NI@Z)
AES.obj : error LNK2001: unresolved external symbol "public: virtual void __thiscall CryptoPP::BaseN_Encoder::IsolatedInitialize(class CryptoPP::NameValuePairs const &)" (?IsolatedInitialize@BaseN_Encoder@CryptoPP@@UAEXABVNameValuePairs@2@@Z)
AES.obj : error LNK2001: unresolved external symbol "public: virtual unsigned int __thiscall CryptoPP::BaseN_Encoder::Put2(unsigned char const *,unsigned int,int,bool)" (?Put2@BaseN_Encoder@CryptoPP@@UAEIPBEIH_N@Z)
AES.obj : error LNK2019: unresolved external symbol "public: virtual void __thiscall CryptoPP::BaseN_Decoder::IsolatedInitialize(class CryptoPP::NameValuePairs const &)" (?IsolatedInitialize@BaseN_Decoder@CryptoPP@@UAEXABVNameValuePairs@2@@Z) referenced in function "public: __thiscall CryptoPP::BaseN_Decoder::BaseN_Decoder(int const *,int,class CryptoPP::BufferedTransformation *)" (??0BaseN_Decoder@CryptoPP@@QAE@PBHHPAVBufferedTransformation@1@@Z)
AES.obj : error LNK2001: unresolved external symbol "public: virtual unsigned int __thiscall CryptoPP::BaseN_Decoder::Put2(unsigned char const *,unsigned int,int,bool)" (?Put2@BaseN_Decoder@CryptoPP@@UAEIPBEIH_N@Z)
AES.obj : error LNK2001: unresolved external symbol "public: virtual void __thiscall CryptoPP::Grouper::IsolatedInitialize(class CryptoPP::NameValuePairs const &)" (?IsolatedInitialize@Grouper@CryptoPP@@UAEXABVNameValuePairs@2@@Z)
AES.obj : error LNK2001: unresolved external symbol "public: virtual unsigned int __thiscall CryptoPP::Grouper::Put2(unsigned char const *,unsigned int,int,bool)" (?Put2@Grouper@CryptoPP@@UAEIPBEIH_N@Z)
AES.obj : error LNK2019: unresolved external symbol "public: virtual void __thiscall CryptoPP::HexEncoder::IsolatedInitialize(class CryptoPP::NameValuePairs const &)" (?IsolatedInitialize@HexEncoder@CryptoPP@@UAEXABVNameValuePairs@2@@Z) referenced in function "public: __thiscall CryptoPP::HexEncoder::HexEncoder(class CryptoPP::BufferedTransformation *,bool,int,class std::basic_string<char,struct std::char_traits<char>,class std::allocator<char> > const &,class std::basic_string<char,struct std::char_traits<char>,class std::allocator<char> > const &)" (??0HexEncoder@CryptoPP@@QAE@PAVBufferedTransformation@1@_NHABV?$basic_string@DU?$char_traits@D@std@@V?$allocator@D@2@@std@@2@Z)
AES.obj : error LNK2001: unresolved external symbol "public: virtual void __thiscall CryptoPP::HexDecoder::IsolatedInitialize(class CryptoPP::NameValuePairs const &)" (?IsolatedInitialize@HexDecoder@CryptoPP@@UAEXABVNameValuePairs@2@@Z)
AES.obj : error LNK2019: unresolved external symbol "private: static int const * __cdecl CryptoPP::HexDecoder::GetDefaultDecodingLookupArray(void)" (?GetDefaultDecodingLookupArray@HexDecoder@CryptoPP@@CAPBHXZ) referenced in function "public: __thiscall CryptoPP::HexDecoder::HexDecoder(class CryptoPP::BufferedTransformation *)" (??0HexDecoder@CryptoPP@@QAE@PAVBufferedTransformation@1@@Z)
AES.obj : error LNK2019: unresolved external symbol "protected: virtual void __thiscall CryptoPP::CipherModeBase::ResizeBuffers(void)" (?ResizeBuffers@CipherModeBase@CryptoPP@@MAEXXZ) referenced in function "public: __thiscall CryptoPP::CipherModeFinalTemplate_CipherHolder<class CryptoPP::BlockCipherFinal<0,class CryptoPP::Rijndael::Enc>,class CryptoPP::ConcretePolicyHolder<class CryptoPP::Empty,class CryptoPP::AdditiveCipherTemplate<class CryptoPP::AbstractPolicyHolder<struct CryptoPP::AdditiveCipherAbstractPolicy,class CryptoPP::CTR_ModePolicy> >,struct CryptoPP::AdditiveCipherAbstractPolicy> >::CipherModeFinalTemplate_CipherHolder<class CryptoPP::BlockCipherFinal<0,class CryptoPP::Rijndael::Enc>,class CryptoPP::ConcretePolicyHolder<class CryptoPP::Empty,class CryptoPP::AdditiveCipherTemplate<class CryptoPP::AbstractPolicyHolder<struct CryptoPP::AdditiveCipherAbstractPolicy,class CryptoPP::CTR_ModePolicy> >,struct CryptoPP::AdditiveCipherAbstractPolicy> >(void)" (??0?$CipherModeFinalTemplate_CipherHolder@V?$BlockCipherFinal@$0A@VEnc@Rijndael@CryptoPP@@@CryptoPP@@V?$ConcretePolicyHolder@VEmpty@CryptoPP@@V?$AdditiveCipherTemplate@V?$AbstractPolicyHolder@UAdditiveCipherAbstractPolicy@CryptoPP@@VCTR_ModePolicy@2@@CryptoPP@@@2@UAdditiveCipherAbstractPolicy@2@@2@@CryptoPP@@QAE@XZ)
AES.obj : error LNK2001: unresolved external symbol "protected: virtual void __thiscall CryptoPP::CFB_ModePolicy::Iterate(unsigned char *,unsigned char const *,enum CryptoPP::CipherDir,unsigned int)" (?Iterate@CFB_ModePolicy@CryptoPP@@MAEXPAEPBEW4CipherDir@2@I@Z)
AES.obj : error LNK2001: unresolved external symbol "protected: virtual void __thiscall CryptoPP::CFB_ModePolicy::TransformRegister(void)" (?TransformRegister@CFB_ModePolicy@CryptoPP@@MAEXXZ)
AES.obj : error LNK2001: unresolved external symbol "protected: virtual void __thiscall CryptoPP::CFB_ModePolicy::CipherResynchronize(unsigned char const *,unsigned int)" (?CipherResynchronize@CFB_ModePolicy@CryptoPP@@MAEXPBEI@Z)
AES.obj : error LNK2001: unresolved external symbol "protected: virtual void __thiscall CryptoPP::CFB_ModePolicy::SetFeedbackSize(unsigned int)" (?SetFeedbackSize@CFB_ModePolicy@CryptoPP@@MAEXI@Z)
AES.obj : error LNK2019: unresolved external symbol "protected: virtual void __thiscall CryptoPP::CFB_ModePolicy::ResizeBuffers(void)" (?ResizeBuffers@CFB_ModePolicy@CryptoPP@@MAEXXZ) referenced in function "public: __thiscall CryptoPP::CipherModeFinalTemplate_CipherHolder<class CryptoPP::BlockCipherFinal<0,class CryptoPP::Rijndael::Enc>,class CryptoPP::ConcretePolicyHolder<class CryptoPP::Empty,class CryptoPP::CFB_DecryptionTemplate<class CryptoPP::AbstractPolicyHolder<class CryptoPP::CFB_CipherAbstractPolicy,class CryptoPP::CFB_ModePolicy> >,class CryptoPP::CFB_CipherAbstractPolicy> >::CipherModeFinalTemplate_CipherHolder<class CryptoPP::BlockCipherFinal<0,class CryptoPP::Rijndael::Enc>,class CryptoPP::ConcretePolicyHolder<class CryptoPP::Empty,class CryptoPP::CFB_DecryptionTemplate<class CryptoPP::AbstractPolicyHolder<class CryptoPP::CFB_CipherAbstractPolicy,class CryptoPP::CFB_ModePolicy> >,class CryptoPP::CFB_CipherAbstractPolicy> >(void)" (??0?$CipherModeFinalTemplate_CipherHolder@V?$BlockCipherFinal@$0A@VEnc@Rijndael@CryptoPP@@@CryptoPP@@V?$ConcretePolicyHolder@VEmpty@CryptoPP@@V?$CFB_DecryptionTemplate@V?$AbstractPolicyHolder@VCFB_CipherAbstractPolicy@CryptoPP@@VCFB_ModePolicy@2@@CryptoPP@@@2@VCFB_CipherAbstractPolicy@2@@2@@CryptoPP@@QAE@XZ)
AES.obj : error LNK2001: unresolved external symbol "protected: virtual unsigned char * __thiscall CryptoPP::CFB_ModePolicy::GetRegisterBegin(void)" (?GetRegisterBegin@CFB_ModePolicy@CryptoPP@@MAEPAEXZ)
AES.obj : error LNK2001: unresolved external symbol "protected: virtual void __thiscall CryptoPP::OFB_ModePolicy::WriteKeystream(unsigned char *,unsigned int)" (?WriteKeystream@OFB_ModePolicy@CryptoPP@@MAEXPAEI@Z)
AES.obj : error LNK2001: unresolved external symbol "protected: virtual void __thiscall CryptoPP::OFB_ModePolicy::CipherResynchronize(unsigned char *,unsigned char const *,unsigned int)" (?CipherResynchronize@OFB_ModePolicy@CryptoPP@@MAEXPAEPBEI@Z)
AES.obj : error LNK2001: unresolved external symbol "protected: virtual void __thiscall CryptoPP::CTR_ModePolicy::IncrementCounterBy256(void)" (?IncrementCounterBy256@CTR_ModePolicy@CryptoPP@@MAEXXZ)
AES.obj : error LNK2001: unresolved external symbol "protected: virtual void __thiscall CryptoPP::CTR_ModePolicy::OperateKeystream(enum CryptoPP::KeystreamOperation,unsigned char *,unsigned char const *,unsigned int)" (?OperateKeystream@CTR_ModePolicy@CryptoPP@@MAEXW4KeystreamOperation@2@PAEPBEI@Z)
AES.obj : error LNK2001: unresolved external symbol "protected: virtual void __thiscall CryptoPP::CTR_ModePolicy::CipherResynchronize(unsigned char *,unsigned char const *,unsigned int)" (?CipherResynchronize@CTR_ModePolicy@CryptoPP@@MAEXPAEPBEI@Z)
AES.obj : error LNK2001: unresolved external symbol "protected: virtual void __thiscall CryptoPP::CTR_ModePolicy::SeekToIteration(unsigned __int64)" (?SeekToIteration@CTR_ModePolicy@CryptoPP@@MAEX_K@Z)
AES.obj : error LNK2001: unresolved external symbol "public: virtual void __thiscall CryptoPP::BlockOrientedCipherModeBase::UncheckedSetKey(unsigned char const *,unsigned int,class CryptoPP::NameValuePairs const &)" (?UncheckedSetKey@BlockOrientedCipherModeBase@CryptoPP@@UAEXPBEIABVNameValuePairs@2@@Z)
AES.obj : error LNK2019: unresolved external symbol "protected: virtual void __thiscall CryptoPP::BlockOrientedCipherModeBase::ResizeBuffers(void)" (?ResizeBuffers@BlockOrientedCipherModeBase@CryptoPP@@MAEXXZ) referenced in function "public: __thiscall CryptoPP::CipherModeFinalTemplate_CipherHolder<class CryptoPP::BlockCipherFinal<1,class CryptoPP::Rijndael::Dec>,class CryptoPP::ECB_OneWay>::CipherModeFinalTemplate_CipherHolder<class CryptoPP::BlockCipherFinal<1,class CryptoPP::Rijndael::Dec>,class CryptoPP::ECB_OneWay>(void)" (??0?$CipherModeFinalTemplate_CipherHolder@V?$BlockCipherFinal@$00VDec@Rijndael@CryptoPP@@@CryptoPP@@VECB_OneWay@2@@CryptoPP@@QAE@XZ)
AES.obj : error LNK2001: unresolved external symbol "public: virtual void __thiscall CryptoPP::ECB_OneWay::ProcessData(unsigned char *,unsigned char const *,unsigned int)" (?ProcessData@ECB_OneWay@CryptoPP@@UAEXPAEPBEI@Z)
AES.obj : error LNK2001: unresolved external symbol "public: virtual void __thiscall CryptoPP::CBC_Encryption::ProcessData(unsigned char *,unsigned char const *,unsigned int)" (?ProcessData@CBC_Encryption@CryptoPP@@UAEXPAEPBEI@Z)
AES.obj : error LNK2001: unresolved external symbol "public: virtual void __thiscall CryptoPP::CBC_Decryption::ProcessData(unsigned char *,unsigned char const *,unsigned int)" (?ProcessData@CBC_Decryption@CryptoPP@@UAEXPAEPBEI@Z)
AES.obj : error LNK2019: unresolved external symbol "protected: virtual void __thiscall CryptoPP::CBC_Decryption::ResizeBuffers(void)" (?ResizeBuffers@CBC_Decryption@CryptoPP@@MAEXXZ) referenced in function "public: __thiscall CryptoPP::CipherModeFinalTemplate_CipherHolder<class CryptoPP::BlockCipherFinal<1,class CryptoPP::Rijndael::Dec>,class CryptoPP::CBC_Decryption>::CipherModeFinalTemplate_CipherHolder<class CryptoPP::BlockCipherFinal<1,class CryptoPP::Rijndael::Dec>,class CryptoPP::CBC_Decryption>(void)" (??0?$CipherModeFinalTemplate_CipherHolder@V?$BlockCipherFinal@$00VDec@Rijndael@CryptoPP@@@CryptoPP@@VCBC_Decryption@2@@CryptoPP@@QAE@XZ)
AES.obj : error LNK2001: unresolved external symbol "public: virtual void __thiscall CryptoPP::CFB_CipherTemplate<class CryptoPP::AbstractPolicyHolder<class CryptoPP::CFB_CipherAbstractPolicy,class CryptoPP::CFB_ModePolicy> >::ProcessData(unsigned char *,unsigned char const *,unsigned int)" (?ProcessData@?$CFB_CipherTemplate@V?$AbstractPolicyHolder@VCFB_CipherAbstractPolicy@CryptoPP@@VCFB_ModePolicy@2@@CryptoPP@@@CryptoPP@@UAEXPAEPBEI@Z)
AES.obj : error LNK2001: unresolved external symbol "public: virtual void __thiscall CryptoPP::CFB_CipherTemplate<class CryptoPP::AbstractPolicyHolder<class CryptoPP::CFB_CipherAbstractPolicy,class CryptoPP::CFB_ModePolicy> >::Resynchronize(unsigned char const *,int)" (?Resynchronize@?$CFB_CipherTemplate@V?$AbstractPolicyHolder@VCFB_CipherAbstractPolicy@CryptoPP@@VCFB_ModePolicy@2@@CryptoPP@@@CryptoPP@@UAEXPBEH@Z)
AES.obj : error LNK2001: unresolved external symbol "protected: virtual void __thiscall CryptoPP::CFB_CipherTemplate<class CryptoPP::AbstractPolicyHolder<class CryptoPP::CFB_CipherAbstractPolicy,class CryptoPP::CFB_ModePolicy> >::UncheckedSetKey(unsigned char const *,unsigned int,class CryptoPP::NameValuePairs const &)" (?UncheckedSetKey@?$CFB_CipherTemplate@V?$AbstractPolicyHolder@VCFB_CipherAbstractPolicy@CryptoPP@@VCFB_ModePolicy@2@@CryptoPP@@@CryptoPP@@MAEXPBEIABVNameValuePairs@2@@Z)
AES.obj : error LNK2001: unresolved external symbol "private: virtual void __thiscall CryptoPP::CFB_EncryptionTemplate<class CryptoPP::AbstractPolicyHolder<class CryptoPP::CFB_CipherAbstractPolicy,class CryptoPP::CFB_ModePolicy> >::CombineMessageAndShiftRegister(unsigned char *,unsigned char *,unsigned char const *,unsigned int)" (?CombineMessageAndShiftRegister@?$CFB_EncryptionTemplate@V?$AbstractPolicyHolder@VCFB_CipherAbstractPolicy@CryptoPP@@VCFB_ModePolicy@2@@CryptoPP@@@CryptoPP@@EAEXPAE0PBEI@Z)
AES.obj : error LNK2001: unresolved external symbol "private: virtual void __thiscall CryptoPP::CFB_DecryptionTemplate<class CryptoPP::AbstractPolicyHolder<class CryptoPP::CFB_CipherAbstractPolicy,class CryptoPP::CFB_ModePolicy> >::CombineMessageAndShiftRegister(unsigned char *,unsigned char *,unsigned char const *,unsigned int)" (?CombineMessageAndShiftRegister@?$CFB_DecryptionTemplate@V?$AbstractPolicyHolder@VCFB_CipherAbstractPolicy@CryptoPP@@VCFB_ModePolicy@2@@CryptoPP@@@CryptoPP@@EAEXPAE0PBEI@Z)
AES.obj : error LNK2001: unresolved external symbol "public: virtual void __thiscall CryptoPP::AdditiveCipherTemplate<class CryptoPP::AbstractPolicyHolder<struct CryptoPP::AdditiveCipherAbstractPolicy,class CryptoPP::OFB_ModePolicy> >::GenerateBlock(unsigned char *,unsigned int)" (?GenerateBlock@?$AdditiveCipherTemplate@V?$AbstractPolicyHolder@UAdditiveCipherAbstractPolicy@CryptoPP@@VOFB_ModePolicy@2@@CryptoPP@@@CryptoPP@@UAEXPAEI@Z)
AES.obj : error LNK2001: unresolved external symbol "public: virtual void __thiscall CryptoPP::AdditiveCipherTemplate<class CryptoPP::AbstractPolicyHolder<struct CryptoPP::AdditiveCipherAbstractPolicy,class CryptoPP::OFB_ModePolicy> >::ProcessData(unsigned char *,unsigned char const *,unsigned int)" (?ProcessData@?$AdditiveCipherTemplate@V?$AbstractPolicyHolder@UAdditiveCipherAbstractPolicy@CryptoPP@@VOFB_ModePolicy@2@@CryptoPP@@@CryptoPP@@UAEXPAEPBEI@Z)
AES.obj : error LNK2001: unresolved external symbol "public: virtual void __thiscall CryptoPP::AdditiveCipherTemplate<class CryptoPP::AbstractPolicyHolder<struct CryptoPP::AdditiveCipherAbstractPolicy,class CryptoPP::OFB_ModePolicy> >::Resynchronize(unsigned char const *,int)" (?Resynchronize@?$AdditiveCipherTemplate@V?$AbstractPolicyHolder@UAdditiveCipherAbstractPolicy@CryptoPP@@VOFB_ModePolicy@2@@CryptoPP@@@CryptoPP@@UAEXPBEH@Z)
AES.obj : error LNK2001: unresolved external symbol "public: virtual void __thiscall CryptoPP::AdditiveCipherTemplate<class CryptoPP::AbstractPolicyHolder<struct CryptoPP::AdditiveCipherAbstractPolicy,class CryptoPP::OFB_ModePolicy> >::Seek(unsigned __int64)" (?Seek@?$AdditiveCipherTemplate@V?$AbstractPolicyHolder@UAdditiveCipherAbstractPolicy@CryptoPP@@VOFB_ModePolicy@2@@CryptoPP@@@CryptoPP@@UAEX_K@Z)
AES.obj : error LNK2001: unresolved external symbol "protected: virtual void __thiscall CryptoPP::AdditiveCipherTemplate<class CryptoPP::AbstractPolicyHolder<struct CryptoPP::AdditiveCipherAbstractPolicy,class CryptoPP::OFB_ModePolicy> >::UncheckedSetKey(unsigned char const *,unsigned int,class CryptoPP::NameValuePairs const &)" (?UncheckedSetKey@?$AdditiveCipherTemplate@V?$AbstractPolicyHolder@UAdditiveCipherAbstractPolicy@CryptoPP@@VOFB_ModePolicy@2@@CryptoPP@@@CryptoPP@@MAEXPBEIABVNameValuePairs@2@@Z)
AES.obj : error LNK2001: unresolved external symbol "public: virtual void __thiscall CryptoPP::AdditiveCipherTemplate<class CryptoPP::AbstractPolicyHolder<struct CryptoPP::AdditiveCipherAbstractPolicy,class CryptoPP::CTR_ModePolicy> >::GenerateBlock(unsigned char *,unsigned int)" (?GenerateBlock@?$AdditiveCipherTemplate@V?$AbstractPolicyHolder@UAdditiveCipherAbstractPolicy@CryptoPP@@VCTR_ModePolicy@2@@CryptoPP@@@CryptoPP@@UAEXPAEI@Z)
AES.obj : error LNK2001: unresolved external symbol "public: virtual void __thiscall CryptoPP::AdditiveCipherTemplate<class CryptoPP::AbstractPolicyHolder<struct CryptoPP::AdditiveCipherAbstractPolicy,class CryptoPP::CTR_ModePolicy> >::ProcessData(unsigned char *,unsigned char const *,unsigned int)" (?ProcessData@?$AdditiveCipherTemplate@V?$AbstractPolicyHolder@UAdditiveCipherAbstractPolicy@CryptoPP@@VCTR_ModePolicy@2@@CryptoPP@@@CryptoPP@@UAEXPAEPBEI@Z)
AES.obj : error LNK2001: unresolved external symbol "public: virtual void __thiscall CryptoPP::AdditiveCipherTemplate<class CryptoPP::AbstractPolicyHolder<struct CryptoPP::AdditiveCipherAbstractPolicy,class CryptoPP::CTR_ModePolicy> >::Resynchronize(unsigned char const *,int)" (?Resynchronize@?$AdditiveCipherTemplate@V?$AbstractPolicyHolder@UAdditiveCipherAbstractPolicy@CryptoPP@@VCTR_ModePolicy@2@@CryptoPP@@@CryptoPP@@UAEXPBEH@Z)
AES.obj : error LNK2001: unresolved external symbol "public: virtual void __thiscall CryptoPP::AdditiveCipherTemplate<class CryptoPP::AbstractPolicyHolder<struct CryptoPP::AdditiveCipherAbstractPolicy,class CryptoPP::CTR_ModePolicy> >::Seek(unsigned __int64)" (?Seek@?$AdditiveCipherTemplate@V?$AbstractPolicyHolder@UAdditiveCipherAbstractPolicy@CryptoPP@@VCTR_ModePolicy@2@@CryptoPP@@@CryptoPP@@UAEX_K@Z)
AES.obj : error LNK2001: unresolved external symbol "protected: virtual void __thiscall CryptoPP::AdditiveCipherTemplate<class CryptoPP::AbstractPolicyHolder<struct CryptoPP::AdditiveCipherAbstractPolicy,class CryptoPP::CTR_ModePolicy> >::UncheckedSetKey(unsigned char const *,unsigned int,class CryptoPP::NameValuePairs const &)" (?UncheckedSetKey@?$AdditiveCipherTemplate@V?$AbstractPolicyHolder@UAdditiveCipherAbstractPolicy@CryptoPP@@VCTR_ModePolicy@2@@CryptoPP@@@CryptoPP@@MAEXPBEIABVNameValuePairs@2@@Z)
AES.obj : error LNK2001: unresolved external symbol "public: virtual void __thiscall CryptoPP::XTS_ModeBase::SetKey(unsigned char const *,unsigned int,class CryptoPP::NameValuePairs const &)" (?SetKey@XTS_ModeBase@CryptoPP@@UAEXPBEIABVNameValuePairs@2@@Z)
AES.obj : error LNK2001: unresolved external symbol "public: virtual void __thiscall CryptoPP::XTS_ModeBase::Resynchronize(unsigned char const *,int)" (?Resynchronize@XTS_ModeBase@CryptoPP@@UAEXPBEH@Z)
AES.obj : error LNK2001: unresolved external symbol "public: virtual void __thiscall CryptoPP::XTS_ModeBase::ProcessData(unsigned char *,unsigned char const *,unsigned int)" (?ProcessData@XTS_ModeBase@CryptoPP@@UAEXPAEPBEI@Z)
AES.obj : error LNK2001: unresolved external symbol "public: virtual unsigned int __thiscall CryptoPP::XTS_ModeBase::ProcessLastBlock(unsigned char *,unsigned int,unsigned char const *,unsigned int)" (?ProcessLastBlock@XTS_ModeBase@CryptoPP@@UAEIPAEIPBEI@Z)
AES.obj : error LNK2019: unresolved external symbol "protected: virtual void __thiscall CryptoPP::XTS_ModeBase::ResizeBuffers(void)" (?ResizeBuffers@XTS_ModeBase@CryptoPP@@MAEXXZ) referenced in function "public: __thiscall CryptoPP::CipherModeFinalTemplate_CipherHolder<class CryptoPP::BlockCipherFinal<1,class CryptoPP::Rijndael::Dec>,class CryptoPP::XTS_Final<class CryptoPP::Rijndael> >::CipherModeFinalTemplate_CipherHolder<class CryptoPP::BlockCipherFinal<1,class CryptoPP::Rijndael::Dec>,class CryptoPP::XTS_Final<class CryptoPP::Rijndael> >(void)" (??0?$CipherModeFinalTemplate_CipherHolder@V?$BlockCipherFinal@$00VDec@Rijndael@CryptoPP@@@CryptoPP@@V?$XTS_Final@VRijndael@CryptoPP@@@2@@CryptoPP@@QAE@XZ)
AES.obj : error LNK2001: unresolved external symbol "public: virtual void __thiscall CryptoPP::AuthenticatedSymmetricCipherBase::SetKey(unsigned char const *,unsigned int,class CryptoPP::NameValuePairs const &)" (?SetKey@AuthenticatedSymmetricCipherBase@CryptoPP@@UAEXPBEIABVNameValuePairs@2@@Z)
AES.obj : error LNK2001: unresolved external symbol "public: virtual void __thiscall CryptoPP::AuthenticatedSymmetricCipherBase::Resynchronize(unsigned char const *,int)" (?Resynchronize@AuthenticatedSymmetricCipherBase@CryptoPP@@UAEXPBEH@Z)
AES.obj : error LNK2001: unresolved external symbol "public: virtual void __thiscall CryptoPP::AuthenticatedSymmetricCipherBase::Update(unsigned char const *,unsigned int)" (?Update@AuthenticatedSymmetricCipherBase@CryptoPP@@UAEXPBEI@Z)
AES.obj : error LNK2001: unresolved external symbol "public: virtual void __thiscall CryptoPP::AuthenticatedSymmetricCipherBase::ProcessData(unsigned char *,unsigned char const *,unsigned int)" (?ProcessData@AuthenticatedSymmetricCipherBase@CryptoPP@@UAEXPAEPBEI@Z)
AES.obj : error LNK2001: unresolved external symbol "public: virtual void __thiscall CryptoPP::AuthenticatedSymmetricCipherBase::TruncatedFinal(unsigned char *,unsigned int)" (?TruncatedFinal@AuthenticatedSymmetricCipherBase@CryptoPP@@UAEXPAEI@Z)
AES.obj : error LNK2001: unresolved external symbol "public: virtual void __thiscall CryptoPP::CCM_Base::UncheckedSpecifyDataLengths(unsigned __int64,unsigned __int64,unsigned __int64)" (?UncheckedSpecifyDataLengths@CCM_Base@CryptoPP@@UAEX_K00@Z)
AES.obj : error LNK2001: unresolved external symbol "protected: virtual void __thiscall CryptoPP::CCM_Base::SetKeyWithoutResync(unsigned char const *,unsigned int,class CryptoPP::NameValuePairs const &)" (?SetKeyWithoutResync@CCM_Base@CryptoPP@@MAEXPBEIABVNameValuePairs@2@@Z)
AES.obj : error LNK2001: unresolved external symbol "protected: virtual void __thiscall CryptoPP::CCM_Base::Resync(unsigned char const *,unsigned int)" (?Resync@CCM_Base@CryptoPP@@MAEXPBEI@Z)
AES.obj : error LNK2001: unresolved external symbol "protected: virtual unsigned int __thiscall CryptoPP::CCM_Base::AuthenticateBlocks(unsigned char const *,unsigned int)" (?AuthenticateBlocks@CCM_Base@CryptoPP@@MAEIPBEI@Z)
AES.obj : error LNK2001: unresolved external symbol "protected: virtual void __thiscall CryptoPP::CCM_Base::AuthenticateLastHeaderBlock(void)" (?AuthenticateLastHeaderBlock@CCM_Base@CryptoPP@@MAEXXZ)
AES.obj : error LNK2001: unresolved external symbol "protected: virtual void __thiscall CryptoPP::CCM_Base::AuthenticateLastConfidentialBlock(void)" (?AuthenticateLastConfidentialBlock@CCM_Base@CryptoPP@@MAEXXZ)
AES.obj : error LNK2001: unresolved external symbol "protected: virtual void __thiscall CryptoPP::CCM_Base::AuthenticateLastFooterBlock(unsigned char *,unsigned int)" (?AuthenticateLastFooterBlock@CCM_Base@CryptoPP@@MAEXPAEI@Z)
AES.obj : error LNK2019: unresolved external symbol "public: virtual unsigned int __thiscall CryptoPP::GCM_Base::OptimalDataAlignment(void)const " (?OptimalDataAlignment@GCM_Base@CryptoPP@@UBEIXZ) referenced in function "[thunk]:public: virtual unsigned int __thiscall CryptoPP::GCM_Base::OptimalDataAlignment`adjustor{4}' (void)const " (?OptimalDataAlignment@GCM_Base@CryptoPP@@W3BEIXZ)
AES.obj : error LNK2001: unresolved external symbol "protected: virtual void __thiscall CryptoPP::GCM_Base::SetKeyWithoutResync(unsigned char const *,unsigned int,class CryptoPP::NameValuePairs const &)" (?SetKeyWithoutResync@GCM_Base@CryptoPP@@MAEXPBEIABVNameValuePairs@2@@Z)
AES.obj : error LNK2001: unresolved external symbol "protected: virtual void __thiscall CryptoPP::GCM_Base::Resync(unsigned char const *,unsigned int)" (?Resync@GCM_Base@CryptoPP@@MAEXPBEI@Z)
AES.obj : error LNK2001: unresolved external symbol "protected: virtual unsigned int __thiscall CryptoPP::GCM_Base::AuthenticateBlocks(unsigned char const *,unsigned int)" (?AuthenticateBlocks@GCM_Base@CryptoPP@@MAEIPBEI@Z)
AES.obj : error LNK2001: unresolved external symbol "protected: virtual void __thiscall CryptoPP::GCM_Base::AuthenticateLastHeaderBlock(void)" (?AuthenticateLastHeaderBlock@GCM_Base@CryptoPP@@MAEXXZ)
AES.obj : error LNK2001: unresolved external symbol "protected: virtual void __thiscall CryptoPP::GCM_Base::AuthenticateLastConfidentialBlock(void)" (?AuthenticateLastConfidentialBlock@GCM_Base@CryptoPP@@MAEXXZ)
AES.obj : error LNK2001: unresolved external symbol "protected: virtual void __thiscall CryptoPP::GCM_Base::AuthenticateLastFooterBlock(unsigned char *,unsigned int)" (?AuthenticateLastFooterBlock@GCM_Base@CryptoPP@@MAEXPAEI@Z)
AES.obj : error LNK2001: unresolved external symbol "protected: virtual void __thiscall CryptoPP::GCM_Base::GCTR::IncrementCounterBy256(void)" (?IncrementCounterBy256@GCTR@GCM_Base@CryptoPP@@MAEXXZ)
AES.obj : error LNK2001: unresolved external symbol "public: virtual unsigned __int64 __thiscall CryptoPP::FileStore::MaxRetrievable(void)const " (?MaxRetrievable@FileStore@CryptoPP@@UBE_KXZ)
AES.obj : error LNK2001: unresolved external symbol "public: virtual unsigned int __thiscall CryptoPP::FileStore::TransferTo2(class CryptoPP::BufferedTransformation &,unsigned __int64 &,class std::basic_string<char,struct std::char_traits<char>,class std::allocator<char> > const &,bool)" (?TransferTo2@FileStore@CryptoPP@@UAEIAAVBufferedTransformation@2@AA_KABV?$basic_string@DU?$char_traits@D@std@@V?$allocator@D@2@@std@@_N@Z)
AES.obj : error LNK2001: unresolved external symbol "public: virtual unsigned int __thiscall CryptoPP::FileStore::CopyRangeTo2(class CryptoPP::BufferedTransformation &,unsigned __int64 &,unsigned __int64,class std::basic_string<char,struct std::char_traits<char>,class std::allocator<char> > const &,bool)const " (?CopyRangeTo2@FileStore@CryptoPP@@UBEIAAVBufferedTransformation@2@AA_K_KABV?$basic_string@DU?$char_traits@D@std@@V?$allocator@D@2@@std@@_N@Z)
AES.obj : error LNK2001: unresolved external symbol "public: virtual unsigned __int64 __thiscall CryptoPP::FileStore::Skip(unsigned __int64)" (?Skip@FileStore@CryptoPP@@UAE_K_K@Z)
AES.obj : error LNK2001: unresolved external symbol "private: virtual void __thiscall CryptoPP::FileStore::StoreInitialize(class CryptoPP::NameValuePairs const &)" (?StoreInitialize@FileStore@CryptoPP@@EAEXABVNameValuePairs@2@@Z)
AES.obj : error LNK2019: unresolved external symbol "public: virtual void __thiscall CryptoPP::FileSink::IsolatedInitialize(class CryptoPP::NameValuePairs const &)" (?IsolatedInitialize@FileSink@CryptoPP@@UAEXABVNameValuePairs@2@@Z) referenced in function "public: __thiscall CryptoPP::FileSink::FileSink(char const *,bool)" (??0FileSink@CryptoPP@@QAE@PBD_N@Z)
AES.obj : error LNK2001: unresolved external symbol "public: virtual unsigned int __thiscall CryptoPP::FileSink::Put2(unsigned char const *,unsigned int,int,bool)" (?Put2@FileSink@CryptoPP@@UAEIPBEIH_N@Z)
AES.obj : error LNK2001: unresolved external symbol "public: virtual bool __thiscall CryptoPP::FileSink::IsolatedFlush(bool,bool)" (?IsolatedFlush@FileSink@CryptoPP@@UAE_N_N0@Z)
AES.obj : error LNK2001: unresolved external symbol "class std::basic_string<char,struct std::char_traits<char>,class std::allocator<char> > const CryptoPP::DEFAULT_CHANNEL" (?DEFAULT_CHANNEL@CryptoPP@@3V?$basic_string@DU?$char_traits@D@std@@V?$allocator@D@2@@std@@B)
AES.obj : error LNK2001: unresolved external symbol "class CryptoPP::NameValuePairs const & const CryptoPP::g_nullNameValuePairs" (?g_nullNameValuePairs@CryptoPP@@3ABVNameValuePairs@1@B)
C:\Uni\MMH\Lab\cryptopp870\lib\cryptlib.lib : warning LNK4272: library machine type 'x64' conflicts with target machine type 'x86'
C:\Users\Admin\Desktop\AES\AES_DLL\Debug\AES_DLL.dll : fatal error LNK1120: 180 unresolved externals
